Determining if the pthread_create exist failed with the following output:
Change Dir: /home/lm/桌面/ROS/Tutorials/Installing and Configuring Your ROS Environment/catkin_ws/build/CMakeFiles/CMakeTmp

Run Build Command:/usr/bin/make "cmTryCompileExec2221331495/fast"
/usr/bin/make -f CMakeFiles/cmTryCompileExec2221331495.dir/build.make CMakeFiles/cmTryCompileExec2221331495.dir/build
make[1]: 正在进入目录 `/home/lm/桌面/ROS/Tutorials/Installing and Configuring Your ROS Environment/catkin_ws/build/CMakeFiles/CMakeTmp'
/usr/bin/cmake -E cmake_progress_report "/home/lm/桌面/ROS/Tutorials/Installing and Configuring Your ROS Environment/catkin_ws/build/CMakeFiles/CMakeTmp/CMakeFiles" 1
Building C object CMakeFiles/cmTryCompileExec2221331495.dir/CheckSymbolExists.c.o
/usr/bin/cc    -o CMakeFiles/cmTryCompileExec2221331495.dir/CheckSymbolExists.c.o   -c "/home/lm/桌面/ROS/Tutorials/Installing and Configuring Your ROS Environment/catkin_ws/build/CMakeFiles/CMakeTmp/CheckSymbolExists.c"
Linking C executable cmTryCompileExec2221331495
/usr/bin/cmake -E cmake_link_script CMakeFiles/cmTryCompileExec2221331495.dir/link.txt --verbose=1
/usr/bin/cc       CMakeFiles/cmTryCompileExec2221331495.dir/CheckSymbolExists.c.o  -o cmTryCompileExec2221331495 -rdynamic 
CMakeFiles/cmTryCompileExec2221331495.dir/CheckSymbolExists.c.o：在函数‘main’中：
CheckSymbolExists.c:(.text+0x16)：对‘pthread_create’未定义的引用
collect2: error: ld returned 1 exit status
make[1]: *** [cmTryCompileExec2221331495] 错误 1
make[1]:正在离开目录 `/home/lm/桌面/ROS/Tutorials/Installing and Configuring Your ROS Environment/catkin_ws/build/CMakeFiles/CMakeTmp'
make: *** [cmTryCompileExec2221331495/fast] 错误 2

File /home/lm/桌面/ROS/Tutorials/Installing and Configuring Your ROS Environment/catkin_ws/build/CMakeFiles/CMakeTmp/CheckSymbolExists.c:
/* */
#include <pthread.h>

int main(int argc, char** argv)
{
  (void)argv;
#ifndef pthread_create
  return ((int*)(&pthread_create))[argc];
#else
  (void)argc;
  return 0;
#endif
}

Determining if the function pthread_create exists in the pthreads failed with the following output:
Change Dir: /home/lm/桌面/ROS/Tutorials/Installing and Configuring Your ROS Environment/catkin_ws/build/CMakeFiles/CMakeTmp

Run Build Command:/usr/bin/make "cmTryCompileExec891051727/fast"
/usr/bin/make -f CMakeFiles/cmTryCompileExec891051727.dir/build.make CMakeFiles/cmTryCompileExec891051727.dir/build
make[1]: 正在进入目录 `/home/lm/桌面/ROS/Tutorials/Installing and Configuring Your ROS Environment/catkin_ws/build/CMakeFiles/CMakeTmp'
/usr/bin/cmake -E cmake_progress_report "/home/lm/桌面/ROS/Tutorials/Installing and Configuring Your ROS Environment/catkin_ws/build/CMakeFiles/CMakeTmp/CMakeFiles" 1
Building C object CMakeFiles/cmTryCompileExec891051727.dir/CheckFunctionExists.c.o
/usr/bin/cc   -DCHECK_FUNCTION_EXISTS=pthread_create   -o CMakeFiles/cmTryCompileExec891051727.dir/CheckFunctionExists.c.o   -c /usr/share/cmake-2.8/Modules/CheckFunctionExists.c
Linking C executable cmTryCompileExec891051727
/usr/bin/cmake -E cmake_link_script CMakeFiles/cmTryCompileExec891051727.dir/link.txt --verbose=1
/usr/bin/cc   -DCHECK_FUNCTION_EXISTS=pthread_create    CMakeFiles/cmTryCompileExec891051727.dir/CheckFunctionExists.c.o  -o cmTryCompileExec891051727 -rdynamic -lpthreads 
/usr/bin/ld: cannot find -lpthreads
collect2: error: ld returned 1 exit status
make[1]: *** [cmTryCompileExec891051727] 错误 1
make[1]:正在离开目录 `/home/lm/桌面/ROS/Tutorials/Installing and Configuring Your ROS Environment/catkin_ws/build/CMakeFiles/CMakeTmp'
make: *** [cmTryCompileExec891051727/fast] 错误 2


